{"numTotalTestSuites":2,"numPassedTestSuites":2,"numFailedTestSuites":0,"numPendingTestSuites":0,"numTotalTests":4,"numPassedTests":4,"numFailedTests":0,"numPendingTests":0,"numTodoTests":0,"snapshot":{"added":0,"failure":false,"filesAdded":0,"filesRemoved":0,"filesRemovedList":[],"filesUnmatched":0,"filesUpdated":0,"matched":0,"total":0,"unchecked":0,"uncheckedKeysByFile":[],"unmatched":0,"updated":0,"didUpdate":false},"startTime":1788221101862,"success":true,"testResults":[{"assertionResults":[{"ancestorTitles":["Chromium Baseline Fingerprint Features (establish-parity 4.2)"],"fullName":"Chromium Baseline Fingerprint Features (establish-parity 4.2) generates launch arguments for platform, brand, hardware concurrency, timezone, and language","status":"passed","title":"generates launch arguments for platform, brand, hardware concurrency, timezone, and language","duration":2.6569999999999823,"failureMessages":[],"meta":{},"tags":[]},{"ancestorTitles":["Chromium Baseline Fingerprint Features (establish-parity 4.2)"],"fullName":"Chromium Baseline Fingerprint Features (establish-parity 4.2) configures WebRTC leak prevention modes correctly in launch flags","status":"passed","title":"configures WebRTC leak prevention modes correctly in launch flags","duration":0.47819999999998686,"failureMessages":[],"meta":{},"tags":[]},{"ancestorTitles":["Chromium Baseline Fingerprint Features (establish-parity 4.2)"],"fullName":"Chromium Baseline Fingerprint Features (establish-parity 4.2) generates stealth script with Client Hints parity matching Chrome 148","status":"passed","title":"generates stealth script with Client Hints parity matching Chrome 148","duration":0.30359999999998877,"failureMessages":[],"meta":{},"tags":[]},{"ancestorTitles":["Chromium Baseline Fingerprint Features (establish-parity 4.2)"],"fullName":"Chromium Baseline Fingerprint Features (establish-parity 4.2) includes Canvas noise injection and WebGL vendor spoofing in stealth script","status":"passed","title":"includes Canvas noise injection and WebGL vendor spoofing in stealth script","duration":0.2143999999999835,"failureMessages":[],"meta":{},"tags":[]}],"startTime":1788221102055,"endTime":1788221102058.3037,"status":"passed","message":"","name":"D:/WORK/antidetect browser/tests/unit/baselineFingerprintFeatures.test.ts"}]}