{"numTotalTestSuites":10,"numPassedTestSuites":10,"numFailedTestSuites":0,"numPendingTestSuites":0,"numTotalTests":18,"numPassedTests":18,"numFailedTests":0,"numPendingTests":0,"numTodoTests":0,"snapshot":{"added":0,"failure":false,"filesAdded":0,"filesRemoved":0,"filesRemovedList":[],"filesUnmatched":0,"filesUpdated":0,"matched":0,"total":0,"unchecked":0,"uncheckedKeysByFile":[],"unmatched":0,"updated":0,"didUpdate":false},"startTime":1788221227201,"success":true,"testResults":[{"assertionResults":[{"ancestorTitles":["Negative and Tampering Evidence Verification (establish-parity 4.3)","1. Unavailable Evidence Files"],"fullName":"Negative and Tampering Evidence Verification (establish-parity 4.3) 1. Unavailable Evidence Files reports failure when evidence file does not exist","status":"passed","title":"reports failure when evidence file does not exist","duration":7.486099999999993,"failureMessages":[],"meta":{},"tags":[]},{"ancestorTitles":["Negative and Tampering Evidence Verification (establish-parity 4.3)","1. Unavailable Evidence Files"],"fullName":"Negative and Tampering Evidence Verification (establish-parity 4.3) 1. Unavailable Evidence Files reports failure when evidence path is undefined or empty string","status":"passed","title":"reports failure when evidence path is undefined or empty string","duration":1.123199999999997,"failureMessages":[],"meta":{},"tags":[]},{"ancestorTitles":["Negative and Tampering Evidence Verification (establish-parity 4.3)","2. Stale Evidence Timestamps and Outdated Run Records"],"fullName":"Negative and Tampering Evidence Verification (establish-parity 4.3) 2. Stale Evidence Timestamps and Outdated Run Records rejects evidence older than permitted maxAgeMs","status":"passed","title":"rejects evidence older than permitted maxAgeMs","duration":2.013200000000012,"failureMessages":[],"meta":{},"tags":[]},{"ancestorTitles":["Negative and Tampering Evidence Verification (establish-parity 4.3)","2. Stale Evidence Timestamps and Outdated Run Records"],"fullName":"Negative and Tampering Evidence Verification (establish-parity 4.3) 2. Stale Evidence Timestamps and Outdated Run Records rejects evidence with future timestamp beyond allowable skew","status":"passed","title":"rejects evidence with future timestamp beyond allowable skew","duration":1.423400000000015,"failureMessages":[],"meta":{},"tags":[]},{"ancestorTitles":["Negative and Tampering Evidence Verification (establish-parity 4.3)","2. Stale Evidence Timestamps and Outdated Run Records"],"fullName":"Negative and Tampering Evidence Verification (establish-parity 4.3) 2. Stale Evidence Timestamps and Outdated Run Records rejects evidence missing all timestamp fields","status":"passed","title":"rejects evidence missing all timestamp fields","duration":1.609800000000007,"failureMessages":[],"meta":{},"tags":[]},{"ancestorTitles":["Negative and Tampering Evidence Verification (establish-parity 4.3)","3. Quarantined Evidence"],"fullName":"Negative and Tampering Evidence Verification (establish-parity 4.3) 3. Quarantined Evidence rejects evidence flagged as quarantined: true","status":"passed","title":"rejects evidence flagged as quarantined: true","duration":1.7869000000000028,"failureMessages":[],"meta":{},"tags":[]},{"ancestorTitles":["Negative and Tampering Evidence Verification (establish-parity 4.3)","3. Quarantined Evidence"],"fullName":"Negative and Tampering Evidence Verification (establish-parity 4.3) 3. Quarantined Evidence rejects evidence with quarantineStatus: active or status: quarantined","status":"passed","title":"rejects evidence with quarantineStatus: active or status: quarantined","duration":1.5640999999999963,"failureMessages":[],"meta":{},"tags":[]},{"ancestorTitles":["Negative and Tampering Evidence Verification (establish-parity 4.3)","3. Quarantined Evidence"],"fullName":"Negative and Tampering Evidence Verification (establish-parity 4.3) 3. Quarantined Evidence rejects evidence with quarantined tag","status":"passed","title":"rejects evidence with quarantined tag","duration":1.3762000000000114,"failureMessages":[],"meta":{},"tags":[]},{"ancestorTitles":["Negative and Tampering Evidence Verification (establish-parity 4.3)","4. Unsigned or Invalid Key ID"],"fullName":"Negative and Tampering Evidence Verification (establish-parity 4.3) 4. Unsigned or Invalid Key ID rejects unsigned evidence when signature verification is required with public key","status":"passed","title":"rejects unsigned evidence when signature verification is required with public key","duration":1.669700000000006,"failureMessages":[],"meta":{},"tags":[]},{"ancestorTitles":["Negative and Tampering Evidence Verification (establish-parity 4.3)","4. Unsigned or Invalid Key ID"],"fullName":"Negative and Tampering Evidence Verification (establish-parity 4.3) 4. Unsigned or Invalid Key ID rejects evidence with invalid keyId mismatch","status":"passed","title":"rejects evidence with invalid keyId mismatch","duration":1.6410999999999945,"failureMessages":[],"meta":{},"tags":[]},{"ancestorTitles":["Negative and Tampering Evidence Verification (establish-parity 4.3)","4. Unsigned or Invalid Key ID"],"fullName":"Negative and Tampering Evidence Verification (establish-parity 4.3) 4. Unsigned or Invalid Key ID rejects evidence signed with wrong/mismatched private key","status":"passed","title":"rejects evidence signed with wrong/mismatched private key","duration":3.832700000000017,"failureMessages":[],"meta":{},"tags":[]},{"ancestorTitles":["Negative and Tampering Evidence Verification (establish-parity 4.3)","5. Tampered Payload / SHA-256 Digest Mismatch"],"fullName":"Negative and Tampering Evidence Verification (establish-parity 4.3) 5. Tampered Payload / SHA-256 Digest Mismatch detects digest mismatch when raw content is altered after expected digest calculation","status":"passed","title":"detects digest mismatch when raw content is altered after expected digest calculation","duration":1.5232999999999777,"failureMessages":[],"meta":{},"tags":[]},{"ancestorTitles":["Negative and Tampering Evidence Verification (establish-parity 4.3)","5. Tampered Payload / SHA-256 Digest Mismatch"],"fullName":"Negative and Tampering Evidence Verification (establish-parity 4.3) 5. Tampered Payload / SHA-256 Digest Mismatch detects tampered content in signed payload breaking cryptographic signature","status":"passed","title":"detects tampered content in signed payload breaking cryptographic signature","duration":2.0774000000000115,"failureMessages":[],"meta":{},"tags":[]},{"ancestorTitles":["Negative and Tampering Evidence Verification (establish-parity 4.3)","6. Threshold-Failing Metrics (required 100%, got 90%)"],"fullName":"Negative and Tampering Evidence Verification (establish-parity 4.3) 6. Threshold-Failing Metrics (required 100%, got 90%) rejects evidence when parity ratio is below minimum required threshold","status":"passed","title":"rejects evidence when parity ratio is below minimum required threshold","duration":1.6252000000000066,"failureMessages":[],"meta":{},"tags":[]},{"ancestorTitles":["Negative and Tampering Evidence Verification (establish-parity 4.3)","6. Threshold-Failing Metrics (required 100%, got 90%)"],"fullName":"Negative and Tampering Evidence Verification (establish-parity 4.3) 6. Threshold-Failing Metrics (required 100%, got 90%) rejects evidence when test run is marked success: false or failed status","status":"passed","title":"rejects evidence when test run is marked success: false or failed status","duration":1.4291000000000054,"failureMessages":[],"meta":{},"tags":[]},{"ancestorTitles":["Negative and Tampering Evidence Verification (establish-parity 4.3)","7. Conflicting Duplicate Reports"],"fullName":"Negative and Tampering Evidence Verification (establish-parity 4.3) 7. Conflicting Duplicate Reports detects conflicting duplicate report with same ID but different payload digest","status":"passed","title":"detects conflicting duplicate report with same ID but different payload digest","duration":1.5006999999999948,"failureMessages":[],"meta":{},"tags":[]},{"ancestorTitles":["Negative and Tampering Evidence Verification (establish-parity 4.3)","8. CLI Runner non-zero exit simulation"],"fullName":"Negative and Tampering Evidence Verification (establish-parity 4.3) 8. CLI Runner non-zero exit simulation returns nonzero exit code (1) when running CLI against tampered/invalid evidence","status":"passed","title":"returns nonzero exit code (1) when running CLI against tampered/invalid evidence","duration":3.677099999999996,"failureMessages":[],"meta":{},"tags":[]},{"ancestorTitles":["Negative and Tampering Evidence Verification (establish-parity 4.3)","8. CLI Runner non-zero exit simulation"],"fullName":"Negative and Tampering Evidence Verification (establish-parity 4.3) 8. CLI Runner non-zero exit simulation returns exit code (0) and writes report when evidence is valid and untampered","status":"passed","title":"returns exit code (0) and writes report when evidence is valid and untampered","duration":2.3700000000000045,"failureMessages":[],"meta":{},"tags":[]}],"startTime":1788221227454,"endTime":1788221227494.37,"status":"passed","message":"","name":"D:/WORK/antidetect browser/tests/unit/baselineEvidenceTamper.test.ts"}]}