{"numTotalTestSuites":2,"numPassedTestSuites":2,"numFailedTestSuites":0,"numPendingTestSuites":0,"numTotalTests":6,"numPassedTests":6,"numFailedTests":0,"numPendingTests":0,"numTodoTests":0,"snapshot":{"added":0,"failure":false,"filesAdded":0,"filesRemoved":0,"filesRemovedList":[],"filesUnmatched":0,"filesUpdated":0,"matched":0,"total":0,"unchecked":0,"uncheckedKeysByFile":[],"unmatched":0,"updated":0,"didUpdate":false},"startTime":1788221099182,"success":true,"testResults":[{"assertionResults":[{"ancestorTitles":["Chromium Baseline Service & Launch Matrix (remove-camoufox-engine 4.1 / establish-parity 4.1)"],"fullName":"Chromium Baseline Service & Launch Matrix (remove-camoufox-engine 4.1 / establish-parity 4.1) creates profile with Chromium engine defaults and launch arguments","status":"passed","title":"creates profile with Chromium engine defaults and launch arguments","duration":2.6947000000000116,"failureMessages":[],"meta":{},"tags":[]},{"ancestorTitles":["Chromium Baseline Service & Launch Matrix (remove-camoufox-engine 4.1 / establish-parity 4.1)"],"fullName":"Chromium Baseline Service & Launch Matrix (remove-camoufox-engine 4.1 / establish-parity 4.1) handles sandbox options and headless flag correctly","status":"passed","title":"handles sandbox options and headless flag correctly","duration":0.3094000000000108,"failureMessages":[],"meta":{},"tags":[]},{"ancestorTitles":["Chromium Baseline Service & Launch Matrix (remove-camoufox-engine 4.1 / establish-parity 4.1)"],"fullName":"Chromium Baseline Service & Launch Matrix (remove-camoufox-engine 4.1 / establish-parity 4.1) integrates HTTP and SOCKS5 proxy configuration into launch flags","status":"passed","title":"integrates HTTP and SOCKS5 proxy configuration into launch flags","duration":0.2255999999999858,"failureMessages":[],"meta":{},"tags":[]},{"ancestorTitles":["Chromium Baseline Service & Launch Matrix (remove-camoufox-engine 4.1 / establish-parity 4.1)"],"fullName":"Chromium Baseline Service & Launch Matrix (remove-camoufox-engine 4.1 / establish-parity 4.1) applies screen override parameters and window sizing","status":"passed","title":"applies screen override parameters and window sizing","duration":0.268100000000004,"failureMessages":[],"meta":{},"tags":[]},{"ancestorTitles":["Chromium Baseline Service & Launch Matrix (remove-camoufox-engine 4.1 / establish-parity 4.1)"],"fullName":"Chromium Baseline Service & Launch Matrix (remove-camoufox-engine 4.1 / establish-parity 4.1) tracks full lifecycle transitions: launching -> running -> stopping -> stopped","status":"passed","title":"tracks full lifecycle transitions: launching -> running -> stopping -> stopped","duration":0.6854000000000156,"failureMessages":[],"meta":{},"tags":[]},{"ancestorTitles":["Chromium Baseline Service & Launch Matrix (remove-camoufox-engine 4.1 / establish-parity 4.1)"],"fullName":"Chromium Baseline Service & Launch Matrix (remove-camoufox-engine 4.1 / establish-parity 4.1) prevents double-launching an already running profile","status":"passed","title":"prevents double-launching an already running profile","duration":1.1976999999999975,"failureMessages":[],"meta":{},"tags":[]}],"startTime":1788221099376,"endTime":1788221099382.1978,"status":"passed","message":"","name":"D:/WORK/antidetect browser/tests/unit/baselineChromium.test.ts"}]}