{"numTotalTestSuites":2,"numPassedTestSuites":2,"numFailedTestSuites":0,"numPendingTestSuites":0,"numTotalTests":4,"numPassedTests":4,"numFailedTests":0,"numPendingTests":0,"numTodoTests":0,"snapshot":{"added":0,"failure":false,"filesAdded":0,"filesRemoved":0,"filesRemovedList":[],"filesUnmatched":0,"filesUpdated":0,"matched":0,"total":0,"unchecked":0,"uncheckedKeysByFile":[],"unmatched":0,"updated":0,"didUpdate":false},"startTime":1788221987493,"success":true,"testResults":[{"assertionResults":[{"ancestorTitles":["Baseline Publish and Acceptance Verification (establish-parity-baseline 5.1 & 5.2)"],"fullName":"Baseline Publish and Acceptance Verification (establish-parity-baseline 5.1 & 5.2) generates valid baseline parity and acceptance report with all checks passing","status":"passed","title":"generates valid baseline parity and acceptance report with all checks passing","duration":12.085500000000025,"failureMessages":[],"meta":{},"tags":[]},{"ancestorTitles":["Baseline Publish and Acceptance Verification (establish-parity-baseline 5.1 & 5.2)"],"fullName":"Baseline Publish and Acceptance Verification (establish-parity-baseline 5.1 & 5.2) validates canonical JCS deterministic serialization for published artifacts","status":"passed","title":"validates canonical JCS deterministic serialization for published artifacts","duration":7.183700000000016,"failureMessages":[],"meta":{},"tags":[]},{"ancestorTitles":["Baseline Publish and Acceptance Verification (establish-parity-baseline 5.1 & 5.2)"],"fullName":"Baseline Publish and Acceptance Verification (establish-parity-baseline 5.1 & 5.2) fails check when LEGACY_CORPUS_SIGNED barrier is missing or invalid","status":"passed","title":"fails check when LEGACY_CORPUS_SIGNED barrier is missing or invalid","duration":0.525100000000009,"failureMessages":[],"meta":{},"tags":[]},{"ancestorTitles":["Baseline Publish and Acceptance Verification (establish-parity-baseline 5.1 & 5.2)"],"fullName":"Baseline Publish and Acceptance Verification (establish-parity-baseline 5.1 & 5.2) records digests for all discovered raw and normalized evidence artifacts","status":"passed","title":"records digests for all discovered raw and normalized evidence artifacts","duration":7.561700000000002,"failureMessages":[],"meta":{},"tags":[]}],"startTime":1788221987729,"endTime":1788221987756.5618,"status":"passed","message":"","name":"D:/WORK/antidetect browser/tests/unit/baselinePublishVerification.test.ts"}]}