{"numTotalTestSuites":7,"numPassedTestSuites":7,"numFailedTestSuites":0,"numPendingTestSuites":0,"numTotalTests":8,"numPassedTests":8,"numFailedTests":0,"numPendingTests":0,"numTodoTests":0,"snapshot":{"added":0,"failure":false,"filesAdded":0,"filesRemoved":0,"filesRemovedList":[],"filesUnmatched":0,"filesUpdated":0,"matched":0,"total":0,"unchecked":0,"uncheckedKeysByFile":[],"unmatched":0,"updated":0,"didUpdate":false},"startTime":1788221129558,"success":true,"testResults":[{"assertionResults":[{"ancestorTitles":["Browser Engine Denial Layer","assertEngineSupported and isDeniedEngine"],"fullName":"Browser Engine Denial Layer assertEngineSupported and isDeniedEngine detects camoufox and firefox variants as denied engines","status":"passed","title":"detects camoufox and firefox variants as denied engines","duration":1.5703000000000031,"failureMessages":[],"meta":{},"tags":[]},{"ancestorTitles":["Browser Engine Denial Layer","assertEngineSupported and isDeniedEngine"],"fullName":"Browser Engine Denial Layer assertEngineSupported and isDeniedEngine throws UnsupportedEngineError with CAMOUFOX_ENGINE_REMOVED code and 422 status","status":"passed","title":"throws UnsupportedEngineError with CAMOUFOX_ENGINE_REMOVED code and 422 status","duration":1.0121000000000038,"failureMessages":[],"meta":{},"tags":[]},{"ancestorTitles":["Browser Engine Denial Layer","sanitizeProfileEngine"],"fullName":"Browser Engine Denial Layer sanitizeProfileEngine rejects profile creation/update when mode is \"reject\"","status":"passed","title":"rejects profile creation/update when mode is \"reject\"","duration":0.752600000000001,"failureMessages":[],"meta":{},"tags":[]},{"ancestorTitles":["Browser Engine Denial Layer","sanitizeProfileEngine"],"fullName":"Browser Engine Denial Layer sanitizeProfileEngine migrates profile engine to chromium when mode is \"migrate\"","status":"passed","title":"migrates profile engine to chromium when mode is \"migrate\"","duration":0.17919999999998026,"failureMessages":[],"meta":{},"tags":[]},{"ancestorTitles":["Browser Engine Denial Layer","denyCamoufoxBundleDownload"],"fullName":"Browser Engine Denial Layer denyCamoufoxBundleDownload blocks download requests for camoufox / firefox bundles","status":"passed","title":"blocks download requests for camoufox / firefox bundles","duration":0.3487999999999829,"failureMessages":[],"meta":{},"tags":[]},{"ancestorTitles":["Browser Engine Denial Layer","engineDenialMiddleware"],"fullName":"Browser Engine Denial Layer engineDenialMiddleware returns HTTP 422 JSON response when request contains denied engine","status":"passed","title":"returns HTTP 422 JSON response when request contains denied engine","duration":0.4531999999999812,"failureMessages":[],"meta":{},"tags":[]},{"ancestorTitles":["Browser Engine Denial Layer","engineDenialMiddleware"],"fullName":"Browser Engine Denial Layer engineDenialMiddleware passes control to next middleware when request uses supported engine or none","status":"passed","title":"passes control to next middleware when request uses supported engine or none","duration":0.13409999999998945,"failureMessages":[],"meta":{},"tags":[]},{"ancestorTitles":["Browser Engine Denial Layer","guardRpcEngineCall"],"fullName":"Browser Engine Denial Layer guardRpcEngineCall guards RPC/IPC invocations and rejects calls with denied engine","status":"passed","title":"guards RPC/IPC invocations and rejects calls with denied engine","duration":0.7490000000000236,"failureMessages":[],"meta":{},"tags":[]}],"startTime":1788221129753,"endTime":1788221129758.749,"status":"passed","message":"","name":"D:/WORK/antidetect browser/tests/unit/camoufoxEngineDenial.test.ts"}]}