{"numTotalTestSuites":5,"numPassedTestSuites":5,"numFailedTestSuites":0,"numPendingTestSuites":0,"numTotalTests":10,"numPassedTests":10,"numFailedTests":0,"numPendingTests":0,"numTodoTests":0,"snapshot":{"added":0,"failure":false,"filesAdded":0,"filesRemoved":0,"filesRemovedList":[],"filesUnmatched":0,"filesUpdated":0,"matched":0,"total":0,"unchecked":0,"uncheckedKeysByFile":[],"unmatched":0,"updated":0,"didUpdate":false},"startTime":1788221126870,"success":true,"testResults":[{"assertionResults":[{"ancestorTitles":["Preserved Browser Data Service - Export, Restore, Cleanup and Denial","Export Preserved Data"],"fullName":"Preserved Browser Data Service - Export, Restore, Cleanup and Denial Export Preserved Data successfully exports preserved data into a zip archive with manifest and data files","status":"passed","title":"successfully exports preserved data into a zip archive with manifest and data files","duration":32.0591,"failureMessages":[],"meta":{},"tags":[]},{"ancestorTitles":["Preserved Browser Data Service - Export, Restore, Cleanup and Denial","Export Preserved Data"],"fullName":"Preserved Browser Data Service - Export, Restore, Cleanup and Denial Export Preserved Data denies export attempt from another tenant (cross-tenant denial)","status":"passed","title":"denies export attempt from another tenant (cross-tenant denial)","duration":2.708500000000015,"failureMessages":[],"meta":{},"tags":[]},{"ancestorTitles":["Preserved Browser Data Service - Export, Restore, Cleanup and Denial","Export Preserved Data"],"fullName":"Preserved Browser Data Service - Export, Restore, Cleanup and Denial Export Preserved Data rejects target zip paths attempting path traversal outside allowed roots","status":"passed","title":"rejects target zip paths attempting path traversal outside allowed roots","duration":2.2509999999999764,"failureMessages":[],"meta":{},"tags":[]},{"ancestorTitles":["Preserved Browser Data Service - Export, Restore, Cleanup and Denial","Export Preserved Data"],"fullName":"Preserved Browser Data Service - Export, Restore, Cleanup and Denial Export Preserved Data detects digest mismatch if data on disk was modified before export","status":"passed","title":"detects digest mismatch if data on disk was modified before export","duration":2.6154999999999973,"failureMessages":[],"meta":{},"tags":[]},{"ancestorTitles":["Preserved Browser Data Service - Export, Restore, Cleanup and Denial","Restore Preserved Data"],"fullName":"Preserved Browser Data Service - Export, Restore, Cleanup and Denial Restore Preserved Data restores preserved data to target directory and verifies checksum integrity","status":"passed","title":"restores preserved data to target directory and verifies checksum integrity","duration":5.540500000000009,"failureMessages":[],"meta":{},"tags":[]},{"ancestorTitles":["Preserved Browser Data Service - Export, Restore, Cleanup and Denial","Restore Preserved Data"],"fullName":"Preserved Browser Data Service - Export, Restore, Cleanup and Denial Restore Preserved Data rejects restore to non-empty directory or outside allowed root","status":"passed","title":"rejects restore to non-empty directory or outside allowed root","duration":2.745900000000006,"failureMessages":[],"meta":{},"tags":[]},{"ancestorTitles":["Preserved Browser Data Service - Export, Restore, Cleanup and Denial","Restore Preserved Data"],"fullName":"Preserved Browser Data Service - Export, Restore, Cleanup and Denial Restore Preserved Data denies restore across tenants","status":"passed","title":"denies restore across tenants","duration":2.385600000000011,"failureMessages":[],"meta":{},"tags":[]},{"ancestorTitles":["Preserved Browser Data Service - Export, Restore, Cleanup and Denial","Cleanup and Purge of Preserved Data"],"fullName":"Preserved Browser Data Service - Export, Restore, Cleanup and Denial Cleanup and Purge of Preserved Data requires exact typed confirmation phrase matching registry ID and digest","status":"passed","title":"requires exact typed confirmation phrase matching registry ID and digest","duration":4.146400000000028,"failureMessages":[],"meta":{},"tags":[]},{"ancestorTitles":["Preserved Browser Data Service - Export, Restore, Cleanup and Denial","Cleanup and Purge of Preserved Data"],"fullName":"Preserved Browser Data Service - Export, Restore, Cleanup and Denial Cleanup and Purge of Preserved Data allows admin role to perform authorized cleanup with correct digest and confirmation","status":"passed","title":"allows admin role to perform authorized cleanup with correct digest and confirmation","duration":2.560099999999977,"failureMessages":[],"meta":{},"tags":[]},{"ancestorTitles":["Preserved Browser Data Service - Export, Restore, Cleanup and Denial","Cleanup and Purge of Preserved Data"],"fullName":"Preserved Browser Data Service - Export, Restore, Cleanup and Denial Cleanup and Purge of Preserved Data guarantees indefinite preservation by default when no cleanup is called","status":"passed","title":"guarantees indefinite preservation by default when no cleanup is called","duration":2.0423000000000116,"failureMessages":[],"meta":{},"tags":[]}],"startTime":1788221127186,"endTime":1788221127246.0422,"status":"passed","message":"","name":"D:/WORK/antidetect browser/tests/unit/camoufoxExportCleanup.test.ts"}]}