{"numTotalTestSuites":5,"numPassedTestSuites":5,"numFailedTestSuites":0,"numPendingTestSuites":0,"numTotalTests":9,"numPassedTests":9,"numFailedTests":0,"numPendingTests":0,"numTodoTests":0,"snapshot":{"added":0,"failure":false,"filesAdded":0,"filesRemoved":0,"filesRemovedList":[],"filesUnmatched":0,"filesUpdated":0,"matched":0,"total":0,"unchecked":0,"uncheckedKeysByFile":[],"unmatched":0,"updated":0,"didUpdate":false},"startTime":1788221578885,"success":true,"testResults":[{"assertionResults":[{"ancestorTitles":["Wave 4.2: Camoufox Engine Removal Verification","Launcher and Engine Denial Verification"],"fullName":"Wave 4.2: Camoufox Engine Removal Verification Launcher and Engine Denial Verification rejects camoufox and firefox engine variants with typed UnsupportedEngineError","status":"passed","title":"rejects camoufox and firefox engine variants with typed UnsupportedEngineError","duration":2.6452999999999918,"failureMessages":[],"meta":{},"tags":[]},{"ancestorTitles":["Wave 4.2: Camoufox Engine Removal Verification","Launcher and Engine Denial Verification"],"fullName":"Wave 4.2: Camoufox Engine Removal Verification Launcher and Engine Denial Verification allows valid engines (chromium, chrome, edge)","status":"passed","title":"allows valid engines (chromium, chrome, edge)","duration":1.147199999999998,"failureMessages":[],"meta":{},"tags":[]},{"ancestorTitles":["Wave 4.2: Camoufox Engine Removal Verification","Launcher and Engine Denial Verification"],"fullName":"Wave 4.2: Camoufox Engine Removal Verification Launcher and Engine Denial Verification rejects execution when path points to camoufox binaries","status":"passed","title":"rejects execution when path points to camoufox binaries","duration":1.2779999999999916,"failureMessages":[],"meta":{},"tags":[]},{"ancestorTitles":["Wave 4.2: Camoufox Engine Removal Verification","Launcher and Engine Denial Verification"],"fullName":"Wave 4.2: Camoufox Engine Removal Verification Launcher and Engine Denial Verification allows valid chromium execution paths","status":"passed","title":"allows valid chromium execution paths","duration":0.9817999999999927,"failureMessages":[],"meta":{},"tags":[]},{"ancestorTitles":["Wave 4.2: Camoufox Engine Removal Verification","Surface and Interface Hygiene Verification"],"fullName":"Wave 4.2: Camoufox Engine Removal Verification Surface and Interface Hygiene Verification verifies clean surface inspection passes for repository code","status":"passed","title":"verifies clean surface inspection passes for repository code","duration":1.0713999999999828,"failureMessages":[],"meta":{},"tags":[]},{"ancestorTitles":["Wave 4.2: Camoufox Engine Removal Verification","Surface and Interface Hygiene Verification"],"fullName":"Wave 4.2: Camoufox Engine Removal Verification Surface and Interface Hygiene Verification detects violations if prohibited engine routes or descriptors are present","status":"passed","title":"detects violations if prohibited engine routes or descriptors are present","duration":0.6616999999999962,"failureMessages":[],"meta":{},"tags":[]},{"ancestorTitles":["Wave 4.2: Camoufox Engine Removal Verification","Package, Docs, and Audit Verification Wrappers"],"fullName":"Wave 4.2: Camoufox Engine Removal Verification Package, Docs, and Audit Verification Wrappers executes check-package-hygiene and produces valid JCS summary","status":"passed","title":"executes check-package-hygiene and produces valid JCS summary","duration":3.3122999999999934,"failureMessages":[],"meta":{},"tags":[]},{"ancestorTitles":["Wave 4.2: Camoufox Engine Removal Verification","Package, Docs, and Audit Verification Wrappers"],"fullName":"Wave 4.2: Camoufox Engine Removal Verification Package, Docs, and Audit Verification Wrappers executes check-docs-claims and produces valid JCS summary","status":"passed","title":"executes check-docs-claims and produces valid JCS summary","duration":1.8643999999999892,"failureMessages":[],"meta":{},"tags":[]},{"ancestorTitles":["Wave 4.2: Camoufox Engine Removal Verification","Package, Docs, and Audit Verification Wrappers"],"fullName":"Wave 4.2: Camoufox Engine Removal Verification Package, Docs, and Audit Verification Wrappers executes camoufox-audit and asserts complete removal state","status":"passed","title":"executes camoufox-audit and asserts complete removal state","duration":1.891900000000021,"failureMessages":[],"meta":{},"tags":[]}],"startTime":1788221579138,"endTime":1788221579153.8918,"status":"passed","message":"","name":"D:/WORK/antidetect browser/tests/unit/camoufoxRemovalVerification.test.ts"}]}