{"numTotalTestSuites":5,"numPassedTestSuites":5,"numFailedTestSuites":0,"numPendingTestSuites":0,"numTotalTests":6,"numPassedTests":6,"numFailedTests":0,"numPendingTests":0,"numTodoTests":0,"snapshot":{"added":0,"failure":false,"filesAdded":0,"filesRemoved":0,"filesRemovedList":[],"filesUnmatched":0,"filesUpdated":0,"matched":0,"total":0,"unchecked":0,"uncheckedKeysByFile":[],"unmatched":0,"updated":0,"didUpdate":false},"startTime":1788221582238,"success":true,"testResults":[{"assertionResults":[{"ancestorTitles":["Wave 4.3: Camoufox Rollback Rehearsal Verification","Preserved Browser Data Registry & Quarantine Transitions"],"fullName":"Wave 4.3: Camoufox Rollback Rehearsal Verification Preserved Browser Data Registry & Quarantine Transitions records preserved camoufox artifacts and transitions through preserved -> quarantined -> restored states","status":"passed","title":"records preserved camoufox artifacts and transitions through preserved -> quarantined -> restored states","duration":10.495900000000006,"failureMessages":[],"meta":{},"tags":[]},{"ancestorTitles":["Wave 4.3: Camoufox Rollback Rehearsal Verification","Preserved Browser Data Registry & Quarantine Transitions"],"fullName":"Wave 4.3: Camoufox Rollback Rehearsal Verification Preserved Browser Data Registry & Quarantine Transitions detects tampering or corruption in preserved archives","status":"passed","title":"detects tampering or corruption in preserved archives","duration":1.9750999999999976,"failureMessages":[],"meta":{},"tags":[]},{"ancestorTitles":["Wave 4.3: Camoufox Rollback Rehearsal Verification","Rollback Simulation & State Machine Rehearsal"],"fullName":"Wave 4.3: Camoufox Rollback Rehearsal Verification Rollback Simulation & State Machine Rehearsal simulates rollback from active denial state to preserved data snapshot","status":"passed","title":"simulates rollback from active denial state to preserved data snapshot","duration":3.163400000000024,"failureMessages":[],"meta":{},"tags":[]},{"ancestorTitles":["Wave 4.3: Camoufox Rollback Rehearsal Verification","Rollback Simulation & State Machine Rehearsal"],"fullName":"Wave 4.3: Camoufox Rollback Rehearsal Verification Rollback Simulation & State Machine Rehearsal simulates roll forward / restoration from quarantine state while maintaining engine denial barriers","status":"passed","title":"simulates roll forward / restoration from quarantine state while maintaining engine denial barriers","duration":3.258899999999983,"failureMessages":[],"meta":{},"tags":[]},{"ancestorTitles":["Wave 4.3: Camoufox Rollback Rehearsal Verification","Legacy API Corpus Replay & Cryptographic Barrier Verification"],"fullName":"Wave 4.3: Camoufox Rollback Rehearsal Verification Legacy API Corpus Replay & Cryptographic Barrier Verification verifies signed legacy corpus replay envelope remains valid during rollback rehearsals","status":"passed","title":"verifies signed legacy corpus replay envelope remains valid during rollback rehearsals","duration":6.0750999999999635,"failureMessages":[],"meta":{},"tags":[]},{"ancestorTitles":["Wave 4.3: Camoufox Rollback Rehearsal Verification","Legacy API Corpus Replay & Cryptographic Barrier Verification"],"fullName":"Wave 4.3: Camoufox Rollback Rehearsal Verification Legacy API Corpus Replay & Cryptographic Barrier Verification rejects tampered corpus replay fixtures","status":"passed","title":"rejects tampered corpus replay fixtures","duration":2.1994000000000256,"failureMessages":[],"meta":{},"tags":[]}],"startTime":1788221582583,"endTime":1788221582611.1995,"status":"passed","message":"","name":"D:/WORK/antidetect browser/tests/unit/camoufoxRollbackRehearsal.test.ts"}]}