{"numTotalTestSuites":7,"numPassedTestSuites":7,"numFailedTestSuites":0,"numPendingTestSuites":0,"numTotalTests":5,"numPassedTests":5,"numFailedTests":0,"numPendingTests":0,"numTodoTests":0,"snapshot":{"added":0,"failure":false,"filesAdded":0,"filesRemoved":0,"filesRemovedList":[],"filesUnmatched":0,"filesUpdated":0,"matched":0,"total":0,"unchecked":0,"uncheckedKeysByFile":[],"unmatched":0,"updated":0,"didUpdate":false},"startTime":1788221934544,"success":true,"testResults":[{"assertionResults":[{"ancestorTitles":["Camoufox Removal Acceptance Verification (Tasks 5.1 & 5.2)","Pre-denial clone run & Legacy Corpus Barrier Verification"],"fullName":"Camoufox Removal Acceptance Verification (Tasks 5.1 & 5.2) Pre-denial clone run & Legacy Corpus Barrier Verification verifies that LEGACY_CORPUS_SIGNED.json exists and has a valid Ed25519 signature","status":"passed","title":"verifies that LEGACY_CORPUS_SIGNED.json exists and has a valid Ed25519 signature","duration":2.2730999999999995,"failureMessages":[],"meta":{},"tags":[]},{"ancestorTitles":["Camoufox Removal Acceptance Verification (Tasks 5.1 & 5.2)","Preserved Browser Data & Inventory Verification"],"fullName":"Camoufox Removal Acceptance Verification (Tasks 5.1 & 5.2) Preserved Browser Data & Inventory Verification verifies that camoufox-inventory.json exists and is valid","status":"passed","title":"verifies that camoufox-inventory.json exists and is valid","duration":0.35909999999998377,"failureMessages":[],"meta":{},"tags":[]},{"ancestorTitles":["Camoufox Removal Acceptance Verification (Tasks 5.1 & 5.2)","Evidence Pipeline & Summary Verification"],"fullName":"Camoufox Removal Acceptance Verification (Tasks 5.1 & 5.2) Evidence Pipeline & Summary Verification verifies that all required normalized JCS summaries exist and pass","status":"passed","title":"verifies that all required normalized JCS summaries exist and pass","duration":1.8819000000000017,"failureMessages":[],"meta":{},"tags":[]},{"ancestorTitles":["Camoufox Removal Acceptance Verification (Tasks 5.1 & 5.2)","Package & Removal Hygiene Verification"],"fullName":"Camoufox Removal Acceptance Verification (Tasks 5.1 & 5.2) Package & Removal Hygiene Verification verifies that Camoufox is not present in package.json dependencies","status":"passed","title":"verifies that Camoufox is not present in package.json dependencies","duration":0.3865999999999872,"failureMessages":[],"meta":{},"tags":[]},{"ancestorTitles":["Camoufox Removal Acceptance Verification (Tasks 5.1 & 5.2)","Overall Acceptance Report Verification"],"fullName":"Camoufox Removal Acceptance Verification (Tasks 5.1 & 5.2) Overall Acceptance Report Verification produces a passing acceptance report with zero failures and zero unresolved items","status":"passed","title":"produces a passing acceptance report with zero failures and zero unresolved items","duration":0.2709999999999866,"failureMessages":[],"meta":{},"tags":[]}],"startTime":1788221934767,"endTime":1788221934772.271,"status":"passed","message":"","name":"D:/WORK/antidetect browser/tests/unit/camoufoxAcceptanceVerification.test.ts"}]}