{"numTotalTestSuites":4,"numPassedTestSuites":4,"numFailedTestSuites":0,"numPendingTestSuites":0,"numTotalTests":10,"numPassedTests":10,"numFailedTests":0,"numPendingTests":0,"numTodoTests":0,"snapshot":{"added":0,"failure":false,"filesAdded":0,"filesRemoved":0,"filesRemovedList":[],"filesUnmatched":0,"filesUpdated":0,"matched":0,"total":0,"unchecked":0,"uncheckedKeysByFile":[],"unmatched":0,"updated":0,"didUpdate":false},"startTime":1788220875345,"success":true,"testResults":[{"assertionResults":[{"ancestorTitles":["Camoufox Inventory & Preservation Suite","Camoufox Inventory Classification"],"fullName":"Camoufox Inventory & Preservation Suite Camoufox Inventory Classification scans and classifies all touchpoints across required categories with zero unclassified paths","status":"passed","title":"scans and classifies all touchpoints across required categories with zero unclassified paths","duration":8.943399999999997,"failureMessages":[],"meta":{},"tags":[]},{"ancestorTitles":["Camoufox Inventory & Preservation Suite","Camoufox Inventory Classification"],"fullName":"Camoufox Inventory & Preservation Suite Camoufox Inventory Classification generates evidence/camoufox-inventory.json file accurately","status":"passed","title":"generates evidence/camoufox-inventory.json file accurately","duration":3.386000000000024,"failureMessages":[],"meta":{},"tags":[]},{"ancestorTitles":["Camoufox Inventory & Preservation Suite","Preserved Browser Data Registry CRUD & Isolation"],"fullName":"Camoufox Inventory & Preservation Suite Preserved Browser Data Registry CRUD & Isolation creates preserved_browser_data table in schema with expected columns and indices","status":"passed","title":"creates preserved_browser_data table in schema with expected columns and indices","duration":1.3704999999999927,"failureMessages":[],"meta":{},"tags":[]},{"ancestorTitles":["Camoufox Inventory & Preservation Suite","Preserved Browser Data Registry CRUD & Isolation"],"fullName":"Camoufox Inventory & Preservation Suite Preserved Browser Data Registry CRUD & Isolation registers preserved profile data, calculates digest, and maintains journal","status":"passed","title":"registers preserved profile data, calculates digest, and maintains journal","duration":14.10669999999999,"failureMessages":[],"meta":{},"tags":[]},{"ancestorTitles":["Camoufox Inventory & Preservation Suite","Preserved Browser Data Registry CRUD & Isolation"],"fullName":"Camoufox Inventory & Preservation Suite Preserved Browser Data Registry CRUD & Isolation increments revision and updates journal on update","status":"passed","title":"increments revision and updates journal on update","duration":4.0615999999999985,"failureMessages":[],"meta":{},"tags":[]},{"ancestorTitles":["Camoufox Inventory & Preservation Suite","Preserved Browser Data Registry CRUD & Isolation"],"fullName":"Camoufox Inventory & Preservation Suite Preserved Browser Data Registry CRUD & Isolation enforces tenant boundary checks and prevents unauthorized cross-tenant operations","status":"passed","title":"enforces tenant boundary checks and prevents unauthorized cross-tenant operations","duration":3.3684000000000083,"failureMessages":[],"meta":{},"tags":[]},{"ancestorTitles":["Camoufox Inventory & Preservation Suite","Preserved Browser Data Registry CRUD & Isolation"],"fullName":"Camoufox Inventory & Preservation Suite Preserved Browser Data Registry CRUD & Isolation prevents directory traversal and symlinks in canonicalRoot","status":"passed","title":"prevents directory traversal and symlinks in canonicalRoot","duration":0.6963999999999828,"failureMessages":[],"meta":{},"tags":[]},{"ancestorTitles":["Camoufox Inventory & Preservation Suite","Preserved Browser Data Registry CRUD & Isolation"],"fullName":"Camoufox Inventory & Preservation Suite Preserved Browser Data Registry CRUD & Isolation ensures preserved data survives metadata purge (soft delete and profile table deletion)","status":"passed","title":"ensures preserved data survives metadata purge (soft delete and profile table deletion)","duration":3.4664999999999964,"failureMessages":[],"meta":{},"tags":[]},{"ancestorTitles":["Camoufox Inventory & Preservation Suite","Preserved Browser Data Registry CRUD & Isolation"],"fullName":"Camoufox Inventory & Preservation Suite Preserved Browser Data Registry CRUD & Isolation performs typed-confirmation cleanup bound to registry ID and current digest","status":"passed","title":"performs typed-confirmation cleanup bound to registry ID and current digest","duration":3.6603999999999814,"failureMessages":[],"meta":{},"tags":[]},{"ancestorTitles":["Camoufox Inventory & Preservation Suite","Preserved Browser Data Registry CRUD & Isolation"],"fullName":"Camoufox Inventory & Preservation Suite Preserved Browser Data Registry CRUD & Isolation rolls back database operations on transaction failure","status":"passed","title":"rolls back database operations on transaction failure","duration":3.204599999999971,"failureMessages":[],"meta":{},"tags":[]}],"startTime":1788220875660,"endTime":1788220875706.2046,"status":"passed","message":"","name":"D:/WORK/antidetect browser/tests/unit/camoufoxInventoryPreservation.test.ts"}]}