{"numTotalTestSuites":2,"numPassedTestSuites":2,"numFailedTestSuites":0,"numPendingTestSuites":0,"numTotalTests":7,"numPassedTests":7,"numFailedTests":0,"numPendingTests":0,"numTodoTests":0,"snapshot":{"added":0,"failure":false,"filesAdded":0,"filesRemoved":0,"filesRemovedList":[],"filesUnmatched":0,"filesUpdated":0,"matched":0,"total":0,"unchecked":0,"uncheckedKeysByFile":[],"unmatched":0,"updated":0,"didUpdate":false},"startTime":1788220975865,"success":true,"testResults":[{"assertionResults":[{"ancestorTitles":["Legacy API Fixture Corpus & Ed25519 Barrier"],"fullName":"Legacy API Fixture Corpus & Ed25519 Barrier generates a comprehensive set of legacy API fixtures covering all required categories","status":"passed","title":"generates a comprehensive set of legacy API fixtures covering all required categories","duration":4.584900000000005,"failureMessages":[],"meta":{},"tags":[]},{"ancestorTitles":["Legacy API Fixture Corpus & Ed25519 Barrier"],"fullName":"Legacy API Fixture Corpus & Ed25519 Barrier generates, signs, and saves a valid LEGACY_CORPUS_SIGNED envelope","status":"passed","title":"generates, signs, and saves a valid LEGACY_CORPUS_SIGNED envelope","duration":8.507900000000006,"failureMessages":[],"meta":{},"tags":[]},{"ancestorTitles":["Legacy API Fixture Corpus & Ed25519 Barrier"],"fullName":"Legacy API Fixture Corpus & Ed25519 Barrier rejects tampered corpus payload data","status":"passed","title":"rejects tampered corpus payload data","duration":3.8127999999999815,"failureMessages":[],"meta":{},"tags":[]},{"ancestorTitles":["Legacy API Fixture Corpus & Ed25519 Barrier"],"fullName":"Legacy API Fixture Corpus & Ed25519 Barrier rejects signature when domain separation prefix differs","status":"passed","title":"rejects signature when domain separation prefix differs","duration":1.5031999999999925,"failureMessages":[],"meta":{},"tags":[]},{"ancestorTitles":["Legacy API Fixture Corpus & Ed25519 Barrier"],"fullName":"Legacy API Fixture Corpus & Ed25519 Barrier validates canonical RFC 8785 JCS determinism across key reordering","status":"passed","title":"validates canonical RFC 8785 JCS determinism across key reordering","duration":0.7293999999999983,"failureMessages":[],"meta":{},"tags":[]},{"ancestorTitles":["Legacy API Fixture Corpus & Ed25519 Barrier"],"fullName":"Legacy API Fixture Corpus & Ed25519 Barrier validates replay of fixture IDs and status code consistency","status":"passed","title":"validates replay of fixture IDs and status code consistency","duration":2.4976999999999805,"failureMessages":[],"meta":{},"tags":[]},{"ancestorTitles":["Legacy API Fixture Corpus & Ed25519 Barrier"],"fullName":"Legacy API Fixture Corpus & Ed25519 Barrier verifies the actual generated production barrier file if present","status":"passed","title":"verifies the actual generated production barrier file if present","duration":1.7424000000000035,"failureMessages":[],"meta":{},"tags":[]}],"startTime":1788220976106,"endTime":1788220976129.7424,"status":"passed","message":"","name":"D:/WORK/antidetect browser/tests/unit/legacyCorpus.test.ts"}]}